{"D:\\MyCodes\\Felipe Lima\\Jest-A-Z\\28-configuring-jest\\6-collect-coverage\\utils-1.js": {"path":"D:\\MyCodes\\Felipe Lima\\Jest-A-Z\\28-configuring-jest\\6-collect-coverage\\utils-1.js","statementMap":{"0":{"start":{"line":1,"column":0},"end":{"line":8,"column":2}},"1":{"start":{"line":3,"column":4},"end":{"line":3,"column":36}},"2":{"start":{"line":6,"column":4},"end":{"line":6,"column":36}}},"fnMap":{"0":{"name":"(anonymous_0)","decl":{"start":{"line":2,"column":2},"end":{"line":2,"column":3}},"loc":{"start":{"line":2,"column":19},"end":{"line":4,"column":3}},"line":2},"1":{"name":"(anonymous_1)","decl":{"start":{"line":5,"column":2},"end":{"line":5,"column":3}},"loc":{"start":{"line":5,"column":19},"end":{"line":7,"column":3}},"line":5}},"branchMap":{"0":{"loc":{"start":{"line":3,"column":11},"end":{"line":3,"column":35}},"type":"binary-expr","locations":[{"start":{"line":3,"column":11},"end":{"line":3,"column":14}},{"start":{"line":3,"column":18},"end":{"line":3,"column":35}}],"line":3},"1":{"loc":{"start":{"line":6,"column":11},"end":{"line":6,"column":35}},"type":"binary-expr","locations":[{"start":{"line":6,"column":11},"end":{"line":6,"column":14}},{"start":{"line":6,"column":18},"end":{"line":6,"column":35}}],"line":6}},"s":{"0":1,"1":1,"2":1},"f":{"0":1,"1":1},"b":{"0":[1,1],"1":[1,1]},"_coverageSchema":"1a1c01bbd47fc00a2c39e90264f33305004495a9","hash":"d25d831fba77cdd8264dd5e8c29145040d122fe6"}
}
