{"D:\\MyCodes\\Felipe Lima\\Jest-A-Z\\28-configuring-jest\\6-collect-coverage\\utils-1.js": {"path":"D:\\MyCodes\\Felipe Lima\\Jest-A-Z\\28-configuring-jest\\6-collect-coverage\\utils-1.js","statementMap":{"0":{"start":{"line":1,"column":0},"end":{"line":8,"column":2}},"1":{"start":{"line":3,"column":4},"end":{"line":3,"column":36}},"2":{"start":{"line":6,"column":4},"end":{"line":6,"column":36}}},"fnMap":{"0":{"name":"(anonymous_0)","decl":{"start":{"line":2,"column":2},"end":{"line":2,"column":3}},"loc":{"start":{"line":2,"column":19},"end":{"line":4,"column":3}},"line":2},"1":{"name":"(anonymous_1)","decl":{"start":{"line":5,"column":2},"end":{"line":5,"column":3}},"loc":{"start":{"line":5,"column":19},"end":{"line":7,"column":3}},"line":5}},"branchMap":{"0":{"loc":{"start":{"line":3,"column":11},"end":{"line":3,"column":35}},"type":"binary-expr","locations":[{"start":{"line":3,"column":11},"end":{"line":3,"column":14}},{"start":{"line":3,"column":18},"end":{"line":3,"column":35}}],"line":3},"1":{"loc":{"start":{"line":6,"column":11},"end":{"line":6,"column":35}},"type":"binary-expr","locations":[{"start":{"line":6,"column":11},"end":{"line":6,"column":14}},{"start":{"line":6,"column":18},"end":{"line":6,"column":35}}],"line":6}},"s":{"0":1,"1":1,"2":0},"f":{"0":1,"1":0},"b":{"0":[1,1],"1":[0,0]},"_coverageSchema":"1a1c01bbd47fc00a2c39e90264f33305004495a9","hash":"d25d831fba77cdd8264dd5e8c29145040d122fe6"}
,"D:\\MyCodes\\Felipe Lima\\Jest-A-Z\\28-configuring-jest\\6-collect-coverage\\utils-2.js": {"path":"D:\\MyCodes\\Felipe Lima\\Jest-A-Z\\28-configuring-jest\\6-collect-coverage\\utils-2.js","statementMap":{"0":{"start":{"line":1,"column":0},"end":{"line":8,"column":2}},"1":{"start":{"line":3,"column":4},"end":{"line":3,"column":36}},"2":{"start":{"line":6,"column":4},"end":{"line":6,"column":36}}},"fnMap":{"0":{"name":"(anonymous_0)","decl":{"start":{"line":2,"column":2},"end":{"line":2,"column":3}},"loc":{"start":{"line":2,"column":19},"end":{"line":4,"column":3}},"line":2},"1":{"name":"(anonymous_1)","decl":{"start":{"line":5,"column":2},"end":{"line":5,"column":3}},"loc":{"start":{"line":5,"column":19},"end":{"line":7,"column":3}},"line":5}},"branchMap":{"0":{"loc":{"start":{"line":3,"column":11},"end":{"line":3,"column":35}},"type":"binary-expr","locations":[{"start":{"line":3,"column":11},"end":{"line":3,"column":14}},{"start":{"line":3,"column":18},"end":{"line":3,"column":35}}],"line":3},"1":{"loc":{"start":{"line":6,"column":11},"end":{"line":6,"column":35}},"type":"binary-expr","locations":[{"start":{"line":6,"column":11},"end":{"line":6,"column":14}},{"start":{"line":6,"column":18},"end":{"line":6,"column":35}}],"line":6}},"s":{"0":1,"1":1,"2":1},"f":{"0":1,"1":1},"b":{"0":[1,1],"1":[1,1]},"_coverageSchema":"1a1c01bbd47fc00a2c39e90264f33305004495a9","hash":"a6fcecafa65e8270bfbd5103409e1454750f0564"}
,"D:\\MyCodes\\Felipe Lima\\Jest-A-Z\\28-configuring-jest\\6-collect-coverage\\__tests__\\sum.t.js": {"path":"D:\\MyCodes\\Felipe Lima\\Jest-A-Z\\28-configuring-jest\\6-collect-coverage\\__tests__\\sum.t.js","statementMap":{"0":{"start":{"line":4,"column":2},"end":{"line":4,"column":15}},"1":{"start":{"line":7,"column":0},"end":{"line":7,"column":21}},"2":{"start":{"line":9,"column":0},"end":{"line":13,"column":1}},"3":{"start":{"line":10,"column":2},"end":{"line":12,"column":5}},"4":{"start":{"line":11,"column":4},"end":{"line":11,"column":30}}},"fnMap":{"0":{"name":"sum","decl":{"start":{"line":3,"column":9},"end":{"line":3,"column":12}},"loc":{"start":{"line":3,"column":19},"end":{"line":5,"column":1}},"line":3},"1":{"name":"(anonymous_1)","decl":{"start":{"line":10,"column":14},"end":{"line":10,"column":15}},"loc":{"start":{"line":10,"column":20},"end":{"line":12,"column":3}},"line":10}},"branchMap":{"0":{"loc":{"start":{"line":9,"column":0},"end":{"line":13,"column":1}},"type":"if","locations":[{"start":{"line":9,"column":0},"end":{"line":13,"column":1}},{"start":{"line":9,"column":0},"end":{"line":13,"column":1}}],"line":9}},"s":{"0":1,"1":1,"2":1,"3":1,"4":1},"f":{"0":1,"1":1},"b":{"0":[1,0]},"_coverageSchema":"1a1c01bbd47fc00a2c39e90264f33305004495a9","hash":"2fe4fb90e018ef1878e150af13d62a4a4c3aad7c"}
}
